This is pdfTeX, Version 3.141592653-2.6-1.40.26 (TeX Live 2024) (preloaded format=pdflatex 2024.7.9)  10 JUL 2024 10:34
entering extended mode
 restricted \write18 enabled.
 file:line:error style messages enabled.
 %&-line parsing enabled.
**python.tex
(./python.tex
LaTeX2e <2023-11-01> patch level 1
L3 programming layer <2024-02-20>
(./sphinxmanual.cls
Document Class: sphinxmanual 2019/12/01 v2.3.0 Document class (Sphinx manual)
(/usr/local/texlive/2024/texmf-dist/tex/latex/base/report.cls
Document Class: report 2023/05/17 v1.4n Standard LaTeX document class
(/usr/local/texlive/2024/texmf-dist/tex/latex/base/size10.clo
File: size10.clo 2023/05/17 v1.4n Standard LaTeX file (size option)
)
\c@part=\count188
\c@chapter=\count189
\c@section=\count190
\c@subsection=\count191
\c@subsubsection=\count192
\c@paragraph=\count193
\c@subparagraph=\count194
\c@figure=\count195
\c@table=\count196
\abovecaptionskip=\skip48
\belowcaptionskip=\skip49
\bibindent=\dimen140
)
LaTeX Info: Redefining \and on input line 35.
)
(/usr/local/texlive/2024/texmf-dist/tex/latex/base/inputenc.sty
Package: inputenc 2021/02/14 v1.3d Input encoding file
\inpenc@prehook=\toks17
\inpenc@posthook=\toks18
)
   defining Unicode char U+00A0 (decimal 160)
   defining Unicode char U+2500 (decimal 9472)
   defining Unicode char U+2502 (decimal 9474)
   defining Unicode char U+2514 (decimal 9492)
   defining Unicode char U+251C (decimal 9500)
   defining Unicode char U+2572 (decimal 9586)

(/usr/local/texlive/2024/texmf-dist/tex/latex/cmap/cmap.sty
Package: cmap 2021/02/06 v1.0j CMap support: searchable PDF
)
(/usr/local/texlive/2024/texmf-dist/tex/latex/base/fontenc.sty
Package: fontenc 2021/04/29 v2.0v Standard LaTeX package
<<t1.cmap>>)
(/usr/local/texlive/2024/texmf-dist/tex/latex/amsmath/amsmath.sty
Package: amsmath 2023/05/13 v2.17o AMS math features
\@mathmargin=\skip50

For additional information on amsmath, use the `?' option.
(/usr/local/texlive/2024/texmf-dist/tex/latex/amsmath/amstext.sty
Package: amstext 2021/08/26 v2.01 AMS text

(/usr/local/texlive/2024/texmf-dist/tex/latex/amsmath/amsgen.sty
File: amsgen.sty 1999/11/30 v2.0 generic functions
\@emptytoks=\toks19
\ex@=\dimen141
))
(/usr/local/texlive/2024/texmf-dist/tex/latex/amsmath/amsbsy.sty
Package: amsbsy 1999/11/29 v1.2d Bold Symbols
\pmbraise@=\dimen142
)
(/usr/local/texlive/2024/texmf-dist/tex/latex/amsmath/amsopn.sty
Package: amsopn 2022/04/08 v2.04 operator names
)
\inf@bad=\count197
LaTeX Info: Redefining \frac on input line 234.
\uproot@=\count198
\leftroot@=\count199
LaTeX Info: Redefining \overline on input line 399.
LaTeX Info: Redefining \colon on input line 410.
\classnum@=\count266
\DOTSCASE@=\count267
LaTeX Info: Redefining \ldots on input line 496.
LaTeX Info: Redefining \dots on input line 499.
LaTeX Info: Redefining \cdots on input line 620.
\Mathstrutbox@=\box51
\strutbox@=\box52
LaTeX Info: Redefining \big on input line 722.
LaTeX Info: Redefining \Big on input line 723.
LaTeX Info: Redefining \bigg on input line 724.
LaTeX Info: Redefining \Bigg on input line 725.
\big@size=\dimen143
LaTeX Font Info:    Redeclaring font encoding OML on input line 743.
LaTeX Font Info:    Redeclaring font encoding OMS on input line 744.
\macc@depth=\count268
LaTeX Info: Redefining \bmod on input line 905.
LaTeX Info: Redefining \pmod on input line 910.
LaTeX Info: Redefining \smash on input line 940.
LaTeX Info: Redefining \relbar on input line 970.
LaTeX Info: Redefining \Relbar on input line 971.
\c@MaxMatrixCols=\count269
\dotsspace@=\muskip16
\c@parentequation=\count270
\dspbrk@lvl=\count271
\tag@help=\toks20
\row@=\count272
\column@=\count273
\maxfields@=\count274
\andhelp@=\toks21
\eqnshift@=\dimen144
\alignsep@=\dimen145
\tagshift@=\dimen146
\tagwidth@=\dimen147
\totwidth@=\dimen148
\lineht@=\dimen149
\@envbody=\toks22
\multlinegap=\skip51
\multlinetaggap=\skip52
\mathdisplay@stack=\toks23
LaTeX Info: Redefining \[ on input line 2953.
LaTeX Info: Redefining \] on input line 2954.
)
(/usr/local/texlive/2024/texmf-dist/tex/latex/amsfonts/amssymb.sty
Package: amssymb 2013/01/14 v3.01 AMS font symbols

(/usr/local/texlive/2024/texmf-dist/tex/latex/amsfonts/amsfonts.sty
Package: amsfonts 2013/01/14 v3.01 Basic AMSFonts support
\symAMSa=\mathgroup4
\symAMSb=\mathgroup5
LaTeX Font Info:    Redeclaring math symbol \hbar on input line 98.
LaTeX Font Info:    Overwriting math alphabet `\mathfrak' in version `bold'
(Font)                  U/euf/m/n --> U/euf/b/n on input line 106.
))
(/usr/local/texlive/2024/texmf-dist/tex/generic/babel/babel.sty
Package: babel 2024/02/07 v24.2 The Babel package
\babel@savecnt=\count275
\U@D=\dimen150
\l@unhyphenated=\language89

(/usr/local/texlive/2024/texmf-dist/tex/generic/babel/txtbabel.def)
\bbl@readstream=\read2
\bbl@dirlevel=\count276

(/usr/local/texlive/2024/texmf-dist/tex/generic/babel-english/english.ldf
Language: english 2017/06/06 v3.3r English support from the babel system
Package babel Info: Hyphen rules for 'canadian' set to \l@english
(babel)             (\language0). Reported on input line 102.
Package babel Info: Hyphen rules for 'australian' set to \l@ukenglish
(babel)             (\language23). Reported on input line 105.
Package babel Info: Hyphen rules for 'newzealand' set to \l@ukenglish
(babel)             (\language23). Reported on input line 108.
))
(/usr/local/texlive/2024/texmf-dist/tex/generic/babel/locale/en/babel-english.t
ex
Package babel Info: Importing font and identification data for english
(babel)             from babel-en.ini. Reported on input line 11.
) (/usr/local/texlive/2024/texmf-dist/tex/latex/tex-gyre/tgtermes.sty
Package: tgtermes 2009/09/27 v1.2 TeX Gyre Termes as default roman family

(/usr/local/texlive/2024/texmf-dist/tex/latex/kvoptions/kvoptions.sty
Package: kvoptions 2022-06-15 v3.15 Key value format for package options (HO)

(/usr/local/texlive/2024/texmf-dist/tex/latex/graphics/keyval.sty
Package: keyval 2022/05/29 v1.15 key=value parser (DPC)
\KV@toks@=\toks24
)
(/usr/local/texlive/2024/texmf-dist/tex/generic/ltxcmds/ltxcmds.sty
Package: ltxcmds 2023-12-04 v1.26 LaTeX kernel commands for general use (HO)
)
(/usr/local/texlive/2024/texmf-dist/tex/latex/kvsetkeys/kvsetkeys.sty
Package: kvsetkeys 2022-10-05 v1.19 Key value parser (HO)
)))
(/usr/local/texlive/2024/texmf-dist/tex/latex/tex-gyre/tgheros.sty
Package: tgheros 2009/09/27 v1.2 TeX Gyre Heros as default sans serif family
)
(/usr/local/texlive/2024/texmf-dist/tex/latex/fncychap/fncychap.sty
Package: fncychap 2007/07/30 v1.34 LaTeX package (Revised chapters)
\RW=\skip53
\mylen=\skip54
\myhi=\skip55
\px=\skip56
\py=\skip57
\pyy=\skip58
\pxx=\skip59
\c@AlphaCnt=\count277
\c@AlphaDecCnt=\count278
)
(./sphinx.sty
Package: sphinx 2023/03/19 v6.2.0 LaTeX package (Sphinx markup)
 (/usr/local/texlive/2024/texmf-dist/tex/latex/xcolor/xcolor.sty
Package: xcolor 2023/11/15 v3.01 LaTeX color extensions (UK)

(/usr/local/texlive/2024/texmf-dist/tex/latex/graphics-cfg/color.cfg
File: color.cfg 2016/01/02 v1.6 sample color configuration
)
Package xcolor Info: Driver file: pdftex.def on input line 274.

(/usr/local/texlive/2024/texmf-dist/tex/latex/graphics-def/pdftex.def
File: pdftex.def 2022/09/22 v1.2b Graphics/color driver for pdftex
)
(/usr/local/texlive/2024/texmf-dist/tex/latex/graphics/mathcolor.ltx)
Package xcolor Info: Model `cmy' substituted by `cmy0' on input line 1350.
Package xcolor Info: Model `hsb' substituted by `rgb' on input line 1354.
Package xcolor Info: Model `RGB' extended on input line 1366.
Package xcolor Info: Model `HTML' substituted by `rgb' on input line 1368.
Package xcolor Info: Model `Hsb' substituted by `hsb' on input line 1369.
Package xcolor Info: Model `tHsb' substituted by `hsb' on input line 1370.
Package xcolor Info: Model `HSB' substituted by `hsb' on input line 1371.
Package xcolor Info: Model `Gray' substituted by `gray' on input line 1372.
Package xcolor Info: Model `wave' substituted by `hsb' on input line 1373.
)
(./sphinxoptionshyperref.sty
File: sphinxoptionshyperref.sty 2021/01/27 hyperref
) (./sphinxoptionsgeometry.sty
File: sphinxoptionsgeometry.sty 2021/01/27 geometry
)
(/usr/local/texlive/2024/texmf-dist/tex/latex/base/textcomp.sty
Package: textcomp 2020/02/02 v2.0n Standard LaTeX package
)
(/usr/local/texlive/2024/texmf-dist/tex/latex/float/float.sty
Package: float 2001/11/08 v1.3d Float enhancements (AL)
\c@float@type=\count279
\float@exts=\toks25
\float@box=\box53
\@float@everytoks=\toks26
\@floatcapt=\box54
)
(/usr/local/texlive/2024/texmf-dist/tex/latex/wrapfig/wrapfig.sty
\wrapoverhang=\dimen151
\WF@size=\dimen152
\c@WF@wrappedlines=\count280
\WF@box=\box55
\WF@everypar=\toks27
Package: wrapfig 2003/01/31  v 3.6
)
(/usr/local/texlive/2024/texmf-dist/tex/latex/capt-of/capt-of.sty
Package: capt-of 2009/12/29 v0.2 standard captions outside of floats
)
(/usr/local/texlive/2024/texmf-dist/tex/latex/tools/multicol.sty
Package: multicol 2023/03/30 v1.9f multicolumn formatting (FMi)
\c@tracingmulticols=\count281
\mult@box=\box56
\multicol@leftmargin=\dimen153
\c@unbalance=\count282
\c@collectmore=\count283
\doublecol@number=\count284
\multicoltolerance=\count285
\multicolpretolerance=\count286
\full@width=\dimen154
\page@free=\dimen155
\premulticols=\dimen156
\postmulticols=\dimen157
\multicolsep=\skip60
\multicolbaselineskip=\skip61
\partial@page=\box57
\last@line=\box58
\mc@boxedresult=\box59
\maxbalancingoverflow=\dimen158
\mult@rightbox=\box60
\mult@grightbox=\box61
\mult@firstbox=\box62
\mult@gfirstbox=\box63
\@tempa=\box64
\@tempa=\box65
\@tempa=\box66
\@tempa=\box67
\@tempa=\box68
\@tempa=\box69
\@tempa=\box70
\@tempa=\box71
\@tempa=\box72
\@tempa=\box73
\@tempa=\box74
\@tempa=\box75
\@tempa=\box76
\@tempa=\box77
\@tempa=\box78
\@tempa=\box79
\@tempa=\box80
\@tempa=\box81
\@tempa=\box82
\@tempa=\box83
\@tempa=\box84
\@tempa=\box85
\@tempa=\box86
\@tempa=\box87
\@tempa=\box88
\@tempa=\box89
\@tempa=\box90
\@tempa=\box91
\@tempa=\box92
\@tempa=\box93
\@tempa=\box94
\@tempa=\box95
\@tempa=\box96
\@tempa=\box97
\@tempa=\box98
\@tempa=\box99
\c@minrows=\count287
\c@columnbadness=\count288
\c@finalcolumnbadness=\count289
\last@try=\dimen159
\multicolovershoot=\dimen160
\multicolundershoot=\dimen161
\mult@nat@firstbox=\box100
\colbreak@box=\box101
\mc@col@check@num=\count290
)
(/usr/local/texlive/2024/texmf-dist/tex/latex/graphics/graphicx.sty
Package: graphicx 2021/09/16 v1.2d Enhanced LaTeX Graphics (DPC,SPQR)

(/usr/local/texlive/2024/texmf-dist/tex/latex/graphics/graphics.sty
Package: graphics 2022/03/10 v1.4e Standard LaTeX Graphics (DPC,SPQR)

(/usr/local/texlive/2024/texmf-dist/tex/latex/graphics/trig.sty
Package: trig 2021/08/11 v1.11 sin cos tan (DPC)
)
(/usr/local/texlive/2024/texmf-dist/tex/latex/graphics-cfg/graphics.cfg
File: graphics.cfg 2016/06/04 v1.11 sample graphics configuration
)
Package graphics Info: Driver file: pdftex.def on input line 107.
)
\Gin@req@height=\dimen162
\Gin@req@width=\dimen163
)
(./sphinxlatexgraphics.sty
File: sphinxlatexgraphics.sty 2021/01/27 graphics
\spx@image@maxheight=\dimen164
\spx@image@box=\box102
) (./sphinxpackageboxes.sty
Package: sphinxpackageboxes 2023/03/19 v6.2.0 advanced colored boxes

(/usr/local/texlive/2024/texmf-dist/tex/latex/pict2e/pict2e.sty
Package: pict2e 2020/09/30 v0.4b Improved picture commands (HjG,RN,JT)

(/usr/local/texlive/2024/texmf-dist/tex/latex/pict2e/pict2e.cfg
File: pict2e.cfg 2016/02/05 v0.1u pict2e configuration for teTeX/TeXLive
)
Package pict2e Info: Driver file: pdftex.def on input line 112.
Package pict2e Info: Driver file for pict2e: p2e-pdftex.def on input line 114.

(/usr/local/texlive/2024/texmf-dist/tex/latex/pict2e/p2e-pdftex.def
File: p2e-pdftex.def 2016/02/05 v0.1u Driver-dependant file (RN,HjG,JT)
)
\pIIe@GRAPH=\toks28
\@arclen=\dimen165
\@arcrad=\dimen166
\pIIe@tempdima=\dimen167
\pIIe@tempdimb=\dimen168
\pIIe@tempdimc=\dimen169
\pIIe@tempdimd=\dimen170
\pIIe@tempdime=\dimen171
\pIIe@tempdimf=\dimen172
)
(/usr/local/texlive/2024/texmf-dist/tex/latex/ellipse/ellipse.sty
Package: ellipse 2004/11/05 v1.0 .dtx ellipse file
)
\@tempdimd=\dimen173
\spx@tempboxa=\box103
\spx@tempboxb=\box104
\spx@boxes@border=\dimen174
\spx@boxes@border@top=\dimen175
\spx@boxes@border@right=\dimen176
\spx@boxes@border@bottom=\dimen177
\spx@boxes@border@left=\dimen178
\spx@boxes@padding@top=\dimen179
\spx@boxes@padding@right=\dimen180
\spx@boxes@padding@bottom=\dimen181
\spx@boxes@padding@left=\dimen182
\spx@boxes@shadow@xoffset=\dimen183
\spx@boxes@shadow@yoffset=\dimen184
\spx@boxes@radius@topleft@x=\dimen185
\spx@boxes@radius@topright@x=\dimen186
\spx@boxes@radius@bottomright@x=\dimen187
\spx@boxes@radius@bottomleft@x=\dimen188
\spx@boxes@radius@topleft@y=\dimen189
\spx@boxes@radius@topright@y=\dimen190
\spx@boxes@radius@bottomright@y=\dimen191
\spx@boxes@radius@bottomleft@y=\dimen192
)
(./sphinxlatexadmonitions.sty
File: sphinxlatexadmonitions.sty 2023/03/19 admonitions

(/usr/local/texlive/2024/texmf-dist/tex/latex/framed/framed.sty
Package: framed 2011/10/22 v 0.96: framed or shaded text with page breaks
\OuterFrameSep=\skip62
\fb@frw=\dimen193
\fb@frh=\dimen194
\FrameRule=\dimen195
\FrameSep=\dimen196
)
\spx@notice@border=\dimen197
)
(./sphinxlatexliterals.sty
File: sphinxlatexliterals.sty 2023/04/01 code-blocks and parsed literals

(/usr/local/texlive/2024/texmf-dist/tex/latex/fancyvrb/fancyvrb.sty
Package: fancyvrb 2024/01/20 4.5c verbatim text (tvz,hv)
\FV@CodeLineNo=\count291
\FV@InFile=\read3
\FV@TabBox=\box105
\c@FancyVerbLine=\count292
\FV@StepNumber=\count293
\FV@OutFile=\write3
)
(/usr/local/texlive/2024/texmf-dist/tex/latex/base/alltt.sty
Package: alltt 2021/01/29 v2.0g defines alltt environment
)
(/usr/local/texlive/2024/texmf-dist/tex/latex/upquote/upquote.sty
Package: upquote 2012/04/19 v1.3 upright-quote and grave-accent glyphs in verba
tim
)
(/usr/local/texlive/2024/texmf-dist/tex/latex/needspace/needspace.sty
Package: needspace 2010/09/12 v1.3d reserve vertical space
)
\sphinxcontinuationbox=\box106
\sphinxvisiblespacebox=\box107
\sphinxVerbatim@TitleBox=\box108
\sphinxVerbatim@ContentsBox=\box109
)
(./sphinxlatexshadowbox.sty
File: sphinxlatexshadowbox.sty 2023/03/19 sphinxShadowBox
) (./sphinxlatexcontainers.sty
File: sphinxlatexcontainers.sty 2021/05/03 containers
)
(./sphinxhighlight.sty
Package: sphinxhighlight 2022/06/30 stylesheet for highlighting with pygments
) (./sphinxlatextables.sty
File: sphinxlatextables.sty 2022/08/15 tables

(/usr/local/texlive/2024/texmf-dist/tex/latex/tabulary/tabulary.sty
Package: tabulary 2014/06/11 v0.10 tabulary package (DPC)

(/usr/local/texlive/2024/texmf-dist/tex/latex/tools/array.sty
Package: array 2023/10/16 v2.5g Tabular extension package (FMi)
\col@sep=\dimen198
\ar@mcellbox=\box110
\extrarowheight=\dimen199
\NC@list=\toks29
\extratabsurround=\skip63
\backup@length=\skip64
\ar@cellbox=\box111
)
\TY@count=\count294
\TY@linewidth=\dimen256
\tymin=\dimen257
\tymax=\dimen258
\TY@tablewidth=\dimen259
)
(/usr/local/texlive/2024/texmf-dist/tex/latex/tools/longtable.sty
Package: longtable 2023-11-01 v4.19 Multi-page Table package (DPC)
\LTleft=\skip65
\LTright=\skip66
\LTpre=\skip67
\LTpost=\skip68
\LTchunksize=\count295
\LTcapwidth=\dimen260
\LT@head=\box112
\LT@firsthead=\box113
\LT@foot=\box114
\LT@lastfoot=\box115
\LT@gbox=\box116
\LT@cols=\count296
\LT@rows=\count297
\c@LT@tables=\count298
\c@LT@chunks=\count299
\LT@p@ftn=\toks30
)
(/usr/local/texlive/2024/texmf-dist/tex/latex/varwidth/varwidth.sty
Package: varwidth 2009/03/30 ver 0.92;  Variable-width minipages
\@vwid@box=\box117
\sift@deathcycles=\count300
\@vwid@loff=\dimen261
\@vwid@roff=\dimen262
)
\sphinx@TY@tablewidth=\dimen263

(/usr/local/texlive/2024/texmf-dist/tex/latex/colortbl/colortbl.sty
Package: colortbl 2024/02/20 v1.0g Color table columns (DPC)
\everycr=\toks31
\minrowclearance=\skip69
\rownum=\count301
)
(/usr/local/texlive/2024/texmf-dist/tex/latex/booktabs/booktabs.sty
Package: booktabs 2020/01/12 v1.61803398 Publication quality tables
\heavyrulewidth=\dimen264
\lightrulewidth=\dimen265
\cmidrulewidth=\dimen266
\belowrulesep=\dimen267
\belowbottomsep=\dimen268
\aboverulesep=\dimen269
\abovetopsep=\dimen270
\cmidrulesep=\dimen271
\cmidrulekern=\dimen272
\defaultaddspace=\dimen273
\@cmidla=\count302
\@cmidlb=\count303
\@aboverulesep=\dimen274
\@belowrulesep=\dimen275
\@thisruleclass=\count304
\@lastruleclass=\count305
\@thisrulewidth=\dimen276
))
(./sphinxlatexnumfig.sty
File: sphinxlatexnumfig.sty 2021/01/27 numbering
) (./sphinxlatexlists.sty
File: sphinxlatexlists.sty 2021/12/20 lists
\spx@lineitemlabel=\toks32
)
\c@sphinxscope=\count306
 (./sphinxpackagefootnote.sty
Package: sphinxpackagefootnote 2022/08/15 v5.3.0 Sphinx custom footnotehyper pa
ckage (Sphinx team)
\FNH@notes=\box118
\FNH@toks=\toks33
\FNH@width=\dimen277
\c@sphinxfootnotemark=\count307
) (./sphinxlatexindbibtoc.sty
File: sphinxlatexindbibtoc.sty 2021/01/27 index, bib., toc

(/usr/local/texlive/2024/texmf-dist/tex/latex/base/makeidx.sty
Package: makeidx 2021/10/04 v1.0m Standard LaTeX package
))
(./sphinxlatexstylepage.sty
File: sphinxlatexstylepage.sty 2021/01/27 page styling

(/usr/local/texlive/2024/texmf-dist/tex/latex/parskip/parskip.sty
Rollback for package 'parskip' requested -> version 'v1'.
         This corresponds to the release introduced on 2001-04-09.

(/usr/local/texlive/2024/texmf-dist/tex/latex/parskip/parskip-2001-04-09.sty
Package: parskip 2001/04/09 non-zero parskip adjustments
))
(/usr/local/texlive/2024/texmf-dist/tex/latex/fancyhdr/fancyhdr.sty
Package: fancyhdr 2022/11/09 v4.1 Extensive control of page headers and footers

\f@nch@headwidth=\skip70
\f@nch@O@elh=\skip71
\f@nch@O@erh=\skip72
\f@nch@O@olh=\skip73
\f@nch@O@orh=\skip74
\f@nch@O@elf=\skip75
\f@nch@O@erf=\skip76
\f@nch@O@olf=\skip77
\f@nch@O@orf=\skip78
))
(./sphinxlatexstyleheadings.sty
File: sphinxlatexstyleheadings.sty 2023/02/11 headings

(/usr/local/texlive/2024/texmf-dist/tex/latex/titlesec/titlesec.sty
Package: titlesec 2023/10/27 v2.16 Sectioning titles
\ttl@box=\box119
\beforetitleunit=\skip79
\aftertitleunit=\skip80
\ttl@plus=\dimen278
\ttl@minus=\dimen279
\ttl@toksa=\toks34
\titlewidth=\dimen280
\titlewidthlast=\dimen281
\titlewidthfirst=\dimen282
))
(./sphinxlatexstyletext.sty
File: sphinxlatexstyletext.sty 2023/07/23 text styling
) (./sphinxlatexobjects.sty
File: sphinxlatexobjects.sty 2023/07/23 documentation environments
\sphinxsignaturesep=\skip81
\sphinxsignaturelistskip=\skip82
\py@argswidth=\skip83
\lineblockindentation=\skip84
\DUlineblockindent=\skip85
))
(/usr/local/texlive/2024/texmf-dist/tex/latex/geometry/geometry.sty
Package: geometry 2020/01/02 v5.9 Page Geometry

(/usr/local/texlive/2024/texmf-dist/tex/generic/iftex/ifvtex.sty
Package: ifvtex 2019/10/25 v1.7 ifvtex legacy package. Use iftex instead.

(/usr/local/texlive/2024/texmf-dist/tex/generic/iftex/iftex.sty
Package: iftex 2022/02/03 v1.0f TeX engine tests
))
\Gm@cnth=\count308
\Gm@cntv=\count309
\c@Gm@tempcnt=\count310
\Gm@bindingoffset=\dimen283
\Gm@wd@mp=\dimen284
\Gm@odd@mp=\dimen285
\Gm@even@mp=\dimen286
\Gm@layoutwidth=\dimen287
\Gm@layoutheight=\dimen288
\Gm@layouthoffset=\dimen289
\Gm@layoutvoffset=\dimen290
\Gm@dimlist=\toks35
)
(/usr/local/texlive/2024/texmf-dist/tex/latex/hyperref/hyperref.sty
Package: hyperref 2024-01-20 v7.01h Hypertext links for LaTeX

(/usr/local/texlive/2024/texmf-dist/tex/generic/kvdefinekeys/kvdefinekeys.sty
Package: kvdefinekeys 2019-12-19 v1.6 Define keys (HO)
)
(/usr/local/texlive/2024/texmf-dist/tex/generic/pdfescape/pdfescape.sty
Package: pdfescape 2019/12/09 v1.15 Implements pdfTeX's escape features (HO)

(/usr/local/texlive/2024/texmf-dist/tex/generic/pdftexcmds/pdftexcmds.sty
Package: pdftexcmds 2020-06-27 v0.33 Utility functions of pdfTeX for LuaTeX (HO
)

(/usr/local/texlive/2024/texmf-dist/tex/generic/infwarerr/infwarerr.sty
Package: infwarerr 2019/12/03 v1.5 Providing info/warning/error messages (HO)
)
Package pdftexcmds Info: \pdf@primitive is available.
Package pdftexcmds Info: \pdf@ifprimitive is available.
Package pdftexcmds Info: \pdfdraftmode found.
))
(/usr/local/texlive/2024/texmf-dist/tex/latex/hycolor/hycolor.sty
Package: hycolor 2020-01-27 v1.10 Color options for hyperref/bookmark (HO)
)
(/usr/local/texlive/2024/texmf-dist/tex/latex/auxhook/auxhook.sty
Package: auxhook 2019-12-17 v1.6 Hooks for auxiliary files (HO)
)
(/usr/local/texlive/2024/texmf-dist/tex/latex/hyperref/nameref.sty
Package: nameref 2023-11-26 v2.56 Cross-referencing by name of section

(/usr/local/texlive/2024/texmf-dist/tex/latex/refcount/refcount.sty
Package: refcount 2019/12/15 v3.6 Data extraction from label references (HO)
)
(/usr/local/texlive/2024/texmf-dist/tex/generic/gettitlestring/gettitlestring.s
ty
Package: gettitlestring 2019/12/15 v1.6 Cleanup title references (HO)
)
\c@section@level=\count311
) (/usr/local/texlive/2024/texmf-dist/tex/latex/etoolbox/etoolbox.sty
Package: etoolbox 2020/10/05 v2.5k e-TeX tools for LaTeX (JAW)
\etb@tempcnta=\count312
)
\@linkdim=\dimen291
\Hy@linkcounter=\count313
\Hy@pagecounter=\count314

(/usr/local/texlive/2024/texmf-dist/tex/latex/hyperref/pd1enc.def
File: pd1enc.def 2024-01-20 v7.01h Hyperref: PDFDocEncoding definition (HO)
Now handling font encoding PD1 ...
... no UTF-8 mapping file for font encoding PD1
)
(/usr/local/texlive/2024/texmf-dist/tex/generic/intcalc/intcalc.sty
Package: intcalc 2019/12/15 v1.3 Expandable calculations with integers (HO)
)
\Hy@SavedSpaceFactor=\count315

(/usr/local/texlive/2024/texmf-dist/tex/latex/hyperref/puenc.def
File: puenc.def 2024-01-20 v7.01h Hyperref: PDF Unicode definition (HO)
Now handling font encoding PU ...
... no UTF-8 mapping file for font encoding PU
)
Package hyperref Info: Option `unicode' set `true' on input line 4062.
Package hyperref Info: Option `colorlinks' set `true' on input line 4062.
Package hyperref Info: Option `breaklinks' set `true' on input line 4062.
Package hyperref Info: Hyper figures OFF on input line 4179.
Package hyperref Info: Link nesting OFF on input line 4184.
Package hyperref Info: Hyper index ON on input line 4187.
Package hyperref Info: Plain pages OFF on input line 4194.
Package hyperref Info: Backreferencing OFF on input line 4199.
Package hyperref Info: Implicit mode ON; LaTeX internals redefined.
Package hyperref Info: Bookmarks ON on input line 4446.
\c@Hy@tempcnt=\count316

(/usr/local/texlive/2024/texmf-dist/tex/latex/url/url.sty
\Urlmuskip=\muskip17
Package: url 2013/09/16  ver 3.4  Verb mode for urls, etc.
)
LaTeX Info: Redefining \url on input line 4784.
\XeTeXLinkMargin=\dimen292

(/usr/local/texlive/2024/texmf-dist/tex/generic/bitset/bitset.sty
Package: bitset 2019/12/09 v1.3 Handle bit-vector datatype (HO)

(/usr/local/texlive/2024/texmf-dist/tex/generic/bigintcalc/bigintcalc.sty
Package: bigintcalc 2019/12/15 v1.5 Expandable calculations on big integers (HO
)
))
\Fld@menulength=\count317
\Field@Width=\dimen293
\Fld@charsize=\dimen294
Package hyperref Info: Hyper figures OFF on input line 6063.
Package hyperref Info: Link nesting OFF on input line 6068.
Package hyperref Info: Hyper index ON on input line 6071.
Package hyperref Info: backreferencing OFF on input line 6078.
Package hyperref Info: Link coloring ON on input line 6081.
Package hyperref Info: Link coloring with OCG OFF on input line 6088.
Package hyperref Info: PDF/A mode OFF on input line 6093.

(/usr/local/texlive/2024/texmf-dist/tex/latex/base/atbegshi-ltx.sty
Package: atbegshi-ltx 2021/01/10 v1.0c Emulation of the original atbegshi
package with kernel methods
)
\Hy@abspage=\count318
\c@Item=\count319
\c@Hfootnote=\count320
)
Package hyperref Info: Driver (autodetected): hpdftex.

(/usr/local/texlive/2024/texmf-dist/tex/latex/hyperref/hpdftex.def
File: hpdftex.def 2024-01-20 v7.01h Hyperref driver for pdfTeX

(/usr/local/texlive/2024/texmf-dist/tex/latex/base/atveryend-ltx.sty
Package: atveryend-ltx 2020/08/19 v1.0a Emulation of the original atveryend pac
kage
with kernel methods
)
\Fld@listcount=\count321
\c@bookmark@seq@number=\count322

(/usr/local/texlive/2024/texmf-dist/tex/latex/rerunfilecheck/rerunfilecheck.sty
Package: rerunfilecheck 2022-07-10 v1.10 Rerun checks for auxiliary files (HO)

(/usr/local/texlive/2024/texmf-dist/tex/generic/uniquecounter/uniquecounter.sty
Package: uniquecounter 2019/12/15 v1.4 Provide unlimited unique counter (HO)
)
Package uniquecounter Info: New unique counter `rerunfilecheck' on input line 2
85.
)
\Hy@SectionHShift=\skip86
) (/usr/local/texlive/2024/texmf-dist/tex/latex/oberdiek/hypcap.sty
Package: hypcap 2016/05/16 v1.12 Adjusting the anchors of captions (HO)

(/usr/local/texlive/2024/texmf-dist/tex/latex/letltxmacro/letltxmacro.sty
Package: letltxmacro 2019/12/03 v1.6 Let assignment for LaTeX macros (HO)
))
(./sphinxmessages.sty
Package: sphinxmessages 2019/01/04 v2.0 Localized LaTeX macros (Sphinx team)
)
\@indexfile=\write4
\openout4 = `python.idx'.


Writing index file python.idx
LaTeX Font Info:    Trying to load font information for T1+qtm on input line 72
.
(/usr/local/texlive/2024/texmf-dist/tex/latex/tex-gyre/t1qtm.fd
File: t1qtm.fd 2009/09/25 v1.2 font definition file for T1/qtm
)
(/usr/local/texlive/2024/texmf-dist/tex/latex/l3backend/l3backend-pdftex.def
File: l3backend-pdftex.def 2024-02-20 L3 backend support: PDF output (pdfTeX)
\l__color_backend_stack_int=\count323
\l__pdf_internal_box=\box120
)
(./python.aux)
\openout1 = `python.aux'.

LaTeX Font Info:    Checking defaults for OML/cmm/m/it on input line 72.
LaTeX Font Info:    ... okay on input line 72.
LaTeX Font Info:    Checking defaults for OMS/cmsy/m/n on input line 72.
LaTeX Font Info:    ... okay on input line 72.
LaTeX Font Info:    Checking defaults for OT1/cmr/m/n on input line 72.
LaTeX Font Info:    ... okay on input line 72.
LaTeX Font Info:    Checking defaults for T1/cmr/m/n on input line 72.
LaTeX Font Info:    ... okay on input line 72.
LaTeX Font Info:    Checking defaults for TS1/cmr/m/n on input line 72.
LaTeX Font Info:    ... okay on input line 72.
LaTeX Font Info:    Checking defaults for OMX/cmex/m/n on input line 72.
LaTeX Font Info:    ... okay on input line 72.
LaTeX Font Info:    Checking defaults for U/cmr/m/n on input line 72.
LaTeX Font Info:    ... okay on input line 72.
LaTeX Font Info:    Checking defaults for PD1/pdf/m/n on input line 72.
LaTeX Font Info:    ... okay on input line 72.
LaTeX Font Info:    Checking defaults for PU/pdf/m/n on input line 72.
LaTeX Font Info:    ... okay on input line 72.

(/usr/local/texlive/2024/texmf-dist/tex/context/base/mkii/supp-pdf.mkii
[Loading MPS to PDF converter (version 2006.09.02).]
\scratchcounter=\count324
\scratchdimen=\dimen295
\scratchbox=\box121
\nofMPsegments=\count325
\nofMParguments=\count326
\everyMPshowfont=\toks36
\MPscratchCnt=\count327
\MPscratchDim=\dimen296
\MPnumerator=\count328
\makeMPintoPDFobject=\count329
\everyMPtoPDFconversion=\toks37
) (/usr/local/texlive/2024/texmf-dist/tex/latex/epstopdf-pkg/epstopdf-base.sty
Package: epstopdf-base 2020-01-24 v2.11 Base part for package epstopdf
Package epstopdf-base Info: Redefining graphics rule for `.eps' on input line 4
85.

(/usr/local/texlive/2024/texmf-dist/tex/latex/latexconfig/epstopdf-sys.cfg
File: epstopdf-sys.cfg 2010/07/13 v1.3 Configuration of (r)epstopdf for TeX Liv
e
))
\c@literalblock=\count330

*geometry* driver: auto-detecting
*geometry* detected driver: pdftex
*geometry* verbose mode - [ preamble ] result:
* driver: pdftex
* paper: letterpaper
* layout: <same size as paper>
* layoutoffset:(h,v)=(0.0pt,0.0pt)
* modes: twoside 
* h-part:(L,W,R)=(72.26999pt, 469.75502pt, 72.26999pt)
* v-part:(T,H,B)=(72.26999pt, 650.43001pt, 72.26999pt)
* \paperwidth=614.295pt
* \paperheight=794.96999pt
* \textwidth=469.75502pt
* \textheight=650.43001pt
* \oddsidemargin=0.0pt
* \evensidemargin=0.0pt
* \topmargin=-37.0pt
* \headheight=12.0pt
* \headsep=25.0pt
* \topskip=10.0pt
* \footskip=30.0pt
* \marginparwidth=36.135pt
* \marginparsep=11.0pt
* \columnsep=10.0pt
* \skip\footins=9.0pt plus 4.0pt minus 2.0pt
* \hoffset=0.0pt
* \voffset=0.0pt
* \mag=1000
* \@twocolumnfalse
* \@twosidetrue
* \@mparswitchtrue
* \@reversemarginfalse
* (1in=72.27pt=25.4mm, 1cm=28.453pt)

Package hyperref Info: Link coloring ON on input line 72.
(./python.out) (./python.out)
\@outlinefile=\write5
\openout5 = `python.out'.

Package hyperref Info: Option `pageanchor' set `false' on input line 80.
LaTeX Font Info:    Trying to load font information for T1+qhv on input line 80
.

(/usr/local/texlive/2024/texmf-dist/tex/latex/tex-gyre/t1qhv.fd
File: t1qhv.fd 2009/09/25 v1.2 font definition file for T1/qhv
)<<ot1.cmap>><<oml.cmap>><<oms.cmap>><<omx.cmap>>
LaTeX Font Info:    Trying to load font information for U+msa on input line 80.


(/usr/local/texlive/2024/texmf-dist/tex/latex/amsfonts/umsa.fd
File: umsa.fd 2013/01/14 v3.01 AMS symbols A
)
LaTeX Font Info:    Trying to load font information for U+msb on input line 80.


(/usr/local/texlive/2024/texmf-dist/tex/latex/amsfonts/umsb.fd
File: umsb.fd 2013/01/14 v3.01 AMS symbols B
) [1

{/usr/local/texlive/2024/texmf-var/fonts/map/pdftex/updmap/pdftex.map}{/usr/loc
al/texlive/2024/texmf-dist/fonts/enc/dvips/tex-gyre/q-ec.enc}] [2


] (./python.toc)
\tf@toc=\write6
\openout6 = `python.toc'.

 [3

]
[4]
Chapter 1.
LaTeX Font Info:    Trying to load font information for T1+txtt on input line 1
17.
(/usr/local/texlive/2024/texmf-dist/tex/latex/txfonts/t1txtt.fd
File: t1txtt.fd 2000/12/15 v3.1
)
LaTeX Font Info:    Font shape `T1/txtt/m/it' in size <10> not available
(Font)              Font shape `T1/txtt/m/sl' tried instead on input line 118.
LaTeX Font Info:    Font shape `T1/txtt/b/n' in size <10> not available
(Font)              Font shape `T1/txtt/bx/n' tried instead on input line 119.
LaTeX Font Info:    Trying to load font information for TS1+txtt on input line 
131.

(/usr/local/texlive/2024/texmf-dist/tex/latex/txfonts/ts1txtt.fd
File: ts1txtt.fd 2000/12/15 v3.1
) [5

] [6]
[7]
<fd188c369da870fc7782d43eddcf651e6864d933b997ed383dba3feb7c14a815.png, id=154, 
375.804pt x 312.9291pt>
File: fd188c369da870fc7782d43eddcf651e6864d933b997ed383dba3feb7c14a815.png Grap
hic file (type png)
<use fd188c369da870fc7782d43eddcf651e6864d933b997ed383dba3feb7c14a815.png>
Package pdftex.def Info: fd188c369da870fc7782d43eddcf651e6864d933b997ed383dba3f
eb7c14a815.png  used on input line 312.
(pdftex.def)             Requested size: 375.80309pt x 312.92831pt.
<a4595d86e51458c3bf4321de29e35a0d7f4502e4d85e66b7e872083d9bae97d5.png, id=156, 
375.804pt x 312.9291pt>
File: a4595d86e51458c3bf4321de29e35a0d7f4502e4d85e66b7e872083d9bae97d5.png Grap
hic file (type png)
<use a4595d86e51458c3bf4321de29e35a0d7f4502e4d85e66b7e872083d9bae97d5.png>
Package pdftex.def Info: a4595d86e51458c3bf4321de29e35a0d7f4502e4d85e66b7e87208
3d9bae97d5.png  used on input line 328.
(pdftex.def)             Requested size: 375.80309pt x 312.92831pt.
 [8 <./fd188c369da870fc7782d43eddcf651e6864d933b997ed383dba3feb7c14a815.png>]
<a627c755e35c179a44c44cf1abb14ab0d83e5b77c510b5ea4ee64c0785f24964.png, id=164, 
419.166pt x 312.9291pt>
File: a627c755e35c179a44c44cf1abb14ab0d83e5b77c510b5ea4ee64c0785f24964.png Grap
hic file (type png)
<use a627c755e35c179a44c44cf1abb14ab0d83e5b77c510b5ea4ee64c0785f24964.png>
Package pdftex.def Info: a627c755e35c179a44c44cf1abb14ab0d83e5b77c510b5ea4ee64c
0785f24964.png  used on input line 344.
(pdftex.def)             Requested size: 419.16498pt x 312.92831pt.
 [9 <./a4595d86e51458c3bf4321de29e35a0d7f4502e4d85e66b7e872083d9bae97d5.png>]
<a51cad11dd5a415e0f700a1aae857d2158225f97134650c34fa77e8b088176a8.png, id=170, 
408.3255pt x 284.7438pt>
File: a51cad11dd5a415e0f700a1aae857d2158225f97134650c34fa77e8b088176a8.png Grap
hic file (type png)
<use a51cad11dd5a415e0f700a1aae857d2158225f97134650c34fa77e8b088176a8.png>
Package pdftex.def Info: a51cad11dd5a415e0f700a1aae857d2158225f97134650c34fa77e
8b088176a8.png  used on input line 363.
(pdftex.def)             Requested size: 408.3245pt x 284.7431pt.

[10 <./a627c755e35c179a44c44cf1abb14ab0d83e5b77c510b5ea4ee64c0785f24964.png>]
<13d96b37b9af73da50b2d9b0695f96587efef26729bcbc2becfe29c712b3bf72.png, id=176, 
425.6703pt x 312.9291pt>
File: 13d96b37b9af73da50b2d9b0695f96587efef26729bcbc2becfe29c712b3bf72.png Grap
hic file (type png)
<use 13d96b37b9af73da50b2d9b0695f96587efef26729bcbc2becfe29c712b3bf72.png>
Package pdftex.def Info: 13d96b37b9af73da50b2d9b0695f96587efef26729bcbc2becfe29
c712b3bf72.png  used on input line 379.
(pdftex.def)             Requested size: 425.66925pt x 312.92831pt.

[11 <./a51cad11dd5a415e0f700a1aae857d2158225f97134650c34fa77e8b088176a8.png>]
<8bf7e852cc7efe6fdc5b66cf2f602445f8f39b21e0a1793fc7546efaf284cf5e.png, id=182, 
400.3758pt x 284.7438pt>
File: 8bf7e852cc7efe6fdc5b66cf2f602445f8f39b21e0a1793fc7546efaf284cf5e.png Grap
hic file (type png)
<use 8bf7e852cc7efe6fdc5b66cf2f602445f8f39b21e0a1793fc7546efaf284cf5e.png>
Package pdftex.def Info: 8bf7e852cc7efe6fdc5b66cf2f602445f8f39b21e0a1793fc7546e
faf284cf5e.png  used on input line 398.
(pdftex.def)             Requested size: 400.3748pt x 284.7431pt.

[12 <./13d96b37b9af73da50b2d9b0695f96587efef26729bcbc2becfe29c712b3bf72.png>]
<7088478ab6186b6a8b85b457c9f8039037ec164a399d47f9c1fc28d260a4787b.png, id=189, 
425.6703pt x 312.9291pt>
File: 7088478ab6186b6a8b85b457c9f8039037ec164a399d47f9c1fc28d260a4787b.png Grap
hic file (type png)
<use 7088478ab6186b6a8b85b457c9f8039037ec164a399d47f9c1fc28d260a4787b.png>
Package pdftex.def Info: 7088478ab6186b6a8b85b457c9f8039037ec164a399d47f9c1fc28
d260a4787b.png  used on input line 414.
(pdftex.def)             Requested size: 425.66925pt x 312.92831pt.

[13 <./8bf7e852cc7efe6fdc5b66cf2f602445f8f39b21e0a1793fc7546efaf284cf5e.png>]
<ac1ad29cd10f957d73e6494f5d8d1bd993ab30847ba91b4d545e8eac94b712fc.png, id=196, 
419.166pt x 312.9291pt>
File: ac1ad29cd10f957d73e6494f5d8d1bd993ab30847ba91b4d545e8eac94b712fc.png Grap
hic file (type png)
<use ac1ad29cd10f957d73e6494f5d8d1bd993ab30847ba91b4d545e8eac94b712fc.png>
Package pdftex.def Info: ac1ad29cd10f957d73e6494f5d8d1bd993ab30847ba91b4d545e8e
ac94b712fc.png  used on input line 445.
(pdftex.def)             Requested size: 419.16498pt x 312.92831pt.

[14 <./7088478ab6186b6a8b85b457c9f8039037ec164a399d47f9c1fc28d260a4787b.png>]
<45b53bddb9cd5758a217e9be3b71e80efd255ab9a0e1cc9e3bc97e90f814d7c7.png, id=202, 
419.166pt x 314.3745pt>
File: 45b53bddb9cd5758a217e9be3b71e80efd255ab9a0e1cc9e3bc97e90f814d7c7.png Grap
hic file (type png)
<use 45b53bddb9cd5758a217e9be3b71e80efd255ab9a0e1cc9e3bc97e90f814d7c7.png>
Package pdftex.def Info: 45b53bddb9cd5758a217e9be3b71e80efd255ab9a0e1cc9e3bc97e
90f814d7c7.png  used on input line 461.
(pdftex.def)             Requested size: 419.16498pt x 314.37372pt.

[15 <./ac1ad29cd10f957d73e6494f5d8d1bd993ab30847ba91b4d545e8eac94b712fc.png>]
<9b264b0a265bec2d7b28dffd9b4b2da7e468c0e732b3e7c11d165e1a84eac092.png, id=208, 
412.6617pt x 312.9291pt>
File: 9b264b0a265bec2d7b28dffd9b4b2da7e468c0e732b3e7c11d165e1a84eac092.png Grap
hic file (type png)
<use 9b264b0a265bec2d7b28dffd9b4b2da7e468c0e732b3e7c11d165e1a84eac092.png>
Package pdftex.def Info: 9b264b0a265bec2d7b28dffd9b4b2da7e468c0e732b3e7c11d165e
1a84eac092.png  used on input line 490.
(pdftex.def)             Requested size: 412.66068pt x 312.92831pt.

[16 <./45b53bddb9cd5758a217e9be3b71e80efd255ab9a0e1cc9e3bc97e90f814d7c7.png>]
<07b4638a01a2927155fc66e232fd3827c2481da424889fed1595de0899ad3dd0.png, id=214, 
406.8801pt x 312.9291pt>
File: 07b4638a01a2927155fc66e232fd3827c2481da424889fed1595de0899ad3dd0.png Grap
hic file (type png)
<use 07b4638a01a2927155fc66e232fd3827c2481da424889fed1595de0899ad3dd0.png>
Package pdftex.def Info: 07b4638a01a2927155fc66e232fd3827c2481da424889fed1595de
0899ad3dd0.png  used on input line 506.
(pdftex.def)             Requested size: 406.8791pt x 312.92831pt.

[17 <./9b264b0a265bec2d7b28dffd9b4b2da7e468c0e732b3e7c11d165e1a84eac092.png>]
[18 <./07b4638a01a2927155fc66e232fd3827c2481da424889fed1595de0899ad3dd0.png>]
<7f41baed201d35edc38d43f870357df47dc252961e3cb523d9c6d39f6145c051.png, id=225, 
401.8212pt x 308.5929pt>
File: 7f41baed201d35edc38d43f870357df47dc252961e3cb523d9c6d39f6145c051.png Grap
hic file (type png)
<use 7f41baed201d35edc38d43f870357df47dc252961e3cb523d9c6d39f6145c051.png>
Package pdftex.def Info: 7f41baed201d35edc38d43f870357df47dc252961e3cb523d9c6d3
9f6145c051.png  used on input line 568.
(pdftex.def)             Requested size: 401.8202pt x 308.59213pt.

[19 <./7f41baed201d35edc38d43f870357df47dc252961e3cb523d9c6d39f6145c051.png>]
Underfull \vbox (badness 10000) detected at line 690
 []


Underfull \vbox (badness 10000) detected at line 690
 []

[20] [21]
<8dd7cdb24c3c19dd96871762087996afdf29cced99bdd7d55f3d8615a9295771.png, id=240, 
419.166pt x 312.2064pt>
File: 8dd7cdb24c3c19dd96871762087996afdf29cced99bdd7d55f3d8615a9295771.png Grap
hic file (type png)
<use 8dd7cdb24c3c19dd96871762087996afdf29cced99bdd7d55f3d8615a9295771.png>
Package pdftex.def Info: 8dd7cdb24c3c19dd96871762087996afdf29cced99bdd7d55f3d86
15a9295771.png  used on input line 770.
(pdftex.def)             Requested size: 419.16498pt x 312.20564pt.
 [22 <./8dd7cdb24c3c19dd96871762087996afdf29cced99bdd7d55f3d8615a9295771.png>]
<3de1b64a3c762203e4a739e5554ff1a4192deb973bd09a504fa7b81cf24b086c.png, id=246, 
413.3844pt x 312.2064pt>
File: 3de1b64a3c762203e4a739e5554ff1a4192deb973bd09a504fa7b81cf24b086c.png Grap
hic file (type png)
<use 3de1b64a3c762203e4a739e5554ff1a4192deb973bd09a504fa7b81cf24b086c.png>
Package pdftex.def Info: 3de1b64a3c762203e4a739e5554ff1a4192deb973bd09a504fa7b8
1cf24b086c.png  used on input line 850.
(pdftex.def)             Requested size: 413.38338pt x 312.20564pt.
 [23 <./3de1b64a3c762203e4a739e5554ff1a4192deb973bd09a504fa7b81cf24b086c.png>]
<ae6d93c5ba2b83333fdd1454faf1340458c182cadb67bcda7d249221e583d4b3.png, id=252, 
425.6703pt x 315.0972pt>
File: ae6d93c5ba2b83333fdd1454faf1340458c182cadb67bcda7d249221e583d4b3.png Grap
hic file (type png)
<use ae6d93c5ba2b83333fdd1454faf1340458c182cadb67bcda7d249221e583d4b3.png>
Package pdftex.def Info: ae6d93c5ba2b83333fdd1454faf1340458c182cadb67bcda7d2492
21e583d4b3.png  used on input line 889.
(pdftex.def)             Requested size: 425.66925pt x 315.09642pt.
<35e077f6330917569a3c781adfa4726f5c79ceff590dcbb0b092dec4e9d8bc0f.png, id=253, 
425.6703pt x 312.2064pt>
File: 35e077f6330917569a3c781adfa4726f5c79ceff590dcbb0b092dec4e9d8bc0f.png Grap
hic file (type png)
<use 35e077f6330917569a3c781adfa4726f5c79ceff590dcbb0b092dec4e9d8bc0f.png>
Package pdftex.def Info: 35e077f6330917569a3c781adfa4726f5c79ceff590dcbb0b092de
c4e9d8bc0f.png  used on input line 924.
(pdftex.def)             Requested size: 425.66925pt x 312.20564pt.
 [24 <./ae6d93c5ba2b83333fdd1454faf1340458c182cadb67bcda7d249221e583d4b3.png>]
<Sheet 1.png, id=259, 2466.21375pt x 1300.86pt>
File: Sheet 1.png Graphic file (type png)
<use Sheet 1.png>
Package pdftex.def Info: Sheet 1.png  used on input line 936.
(pdftex.def)             Requested size: 469.75206pt x 247.7813pt.
 [25 <./35e077f6330917569a3c781adfa4726f5c79ceff590dcbb0b092dec4e9d8bc0f.png> <
./Sheet 1.png (PNG copy)>] [26

]
Chapter 2.

Overfull \vbox (1.32191pt too high) detected at line 1016
 []

[27] [28] [29] [30

]
Chapter 3.
[31] [32]
Underfull \vbox (badness 10000) detected at line 1359
 []

[33] [34]
LaTeX Font Info:    Font shape `TS1/txtt/m/it' in size <10> not available
(Font)              Font shape `TS1/txtt/m/sl' tried instead on input line 1482
.
 [35{/usr/local/texlive/2024/texmf-dist/fonts/enc/dvips/base/8r.enc}]
<6997f3a2409a06ce7a0343e0edfb437d3f5060035f4a08f7be00ddf4d1c25efb.png, id=318, 
450.2421pt x 334.6101pt>
File: 6997f3a2409a06ce7a0343e0edfb437d3f5060035f4a08f7be00ddf4d1c25efb.png Grap
hic file (type png)
<use 6997f3a2409a06ce7a0343e0edfb437d3f5060035f4a08f7be00ddf4d1c25efb.png>
Package pdftex.def Info: 6997f3a2409a06ce7a0343e0edfb437d3f5060035f4a08f7be00dd
f4d1c25efb.png  used on input line 1549.
(pdftex.def)             Requested size: 450.24098pt x 334.60928pt.

[36 <./6997f3a2409a06ce7a0343e0edfb437d3f5060035f4a08f7be00ddf4d1c25efb.png>]
<484d6c085dada734e322d669bf4394724a4441d90d116bfdb9d270900a3b9325.png, id=324, 
372.1905pt x 315.8199pt>
File: 484d6c085dada734e322d669bf4394724a4441d90d116bfdb9d270900a3b9325.png Grap
hic file (type png)
<use 484d6c085dada734e322d669bf4394724a4441d90d116bfdb9d270900a3b9325.png>
Package pdftex.def Info: 484d6c085dada734e322d669bf4394724a4441d90d116bfdb9d270
900a3b9325.png  used on input line 1565.
(pdftex.def)             Requested size: 372.18959pt x 315.81912pt.
<169aebe380afa63c8e2a69311a1ca483d6277c595a9adc4a0cb2d86ae7431b2d.png, id=325, 
372.1905pt x 315.8199pt>
File: 169aebe380afa63c8e2a69311a1ca483d6277c595a9adc4a0cb2d86ae7431b2d.png Grap
hic file (type png)
<use 169aebe380afa63c8e2a69311a1ca483d6277c595a9adc4a0cb2d86ae7431b2d.png>
Package pdftex.def Info: 169aebe380afa63c8e2a69311a1ca483d6277c595a9adc4a0cb2d8
6ae7431b2d.png  used on input line 1581.
(pdftex.def)             Requested size: 372.18959pt x 315.81912pt.

[37 <./484d6c085dada734e322d669bf4394724a4441d90d116bfdb9d270900a3b9325.png>]
<423c4b57d44c6206cc423fe54a72c52a0ed6c7fa30d793d32e284d6b9f7c5265.png, id=332, 
372.1905pt x 315.8199pt>
File: 423c4b57d44c6206cc423fe54a72c52a0ed6c7fa30d793d32e284d6b9f7c5265.png Grap
hic file (type png)
<use 423c4b57d44c6206cc423fe54a72c52a0ed6c7fa30d793d32e284d6b9f7c5265.png>
Package pdftex.def Info: 423c4b57d44c6206cc423fe54a72c52a0ed6c7fa30d793d32e284d
6b9f7c5265.png  used on input line 1597.
(pdftex.def)             Requested size: 372.18959pt x 315.81912pt.

[38 <./169aebe380afa63c8e2a69311a1ca483d6277c595a9adc4a0cb2d86ae7431b2d.png>]
Overfull \vbox (2.141pt too high) detected at line 1659
 []

[39 <./423c4b57d44c6206cc423fe54a72c52a0ed6c7fa30d793d32e284d6b9f7c5265.png>]
[40] [41] [42] [43] [44]
LaTeX Font Info:    Trying to load font information for TS1+qtm on input line 2
277.

(/usr/local/texlive/2024/texmf-dist/tex/latex/tex-gyre/ts1qtm.fd
File: ts1qtm.fd 2009/09/25 v1.2 font definition file for TS1/qtm
) [45{/usr/local/texlive/2024/texmf-dist/fonts/enc/dvips/tex-gyre/q-ts1.enc}] [
46]
<f819f2a3c3438970a40b6973dee38165193842addba63fd226e71f836ab518e3.png, id=376, 
409.7709pt x 315.8199pt>
File: f819f2a3c3438970a40b6973dee38165193842addba63fd226e71f836ab518e3.png Grap
hic file (type png)
<use f819f2a3c3438970a40b6973dee38165193842addba63fd226e71f836ab518e3.png>
Package pdftex.def Info: f819f2a3c3438970a40b6973dee38165193842addba63fd226e71f
836ab518e3.png  used on input line 2424.
(pdftex.def)             Requested size: 409.7699pt x 315.81912pt.
 [47 <./f819f2a3c3438970a40b6973dee38165193842addba63fd226e71f836ab518e3.png>] 
[48]
Underfull \vbox (badness 10000) detected at line 2669
 []


Underfull \vbox (badness 10000) detected at line 2669
 []

[49]
Underfull \vbox (badness 10000) detected at line 2669
 []


Underfull \vbox (badness 10000) detected at line 2669
 []

[50]
Underfull \vbox (badness 10000) detected at line 2669
 []


Underfull \vbox (badness 10000) detected at line 2669
 []

[51] [52]
Underfull \vbox (badness 10000) detected at line 2796
 []

[53]
<3abe6786c25d4d2ddf99398b1f1c2ac7ca85e773f1aac93abb8685b7f225d6c2.png, id=407, 
533.3526pt x 533.3526pt>
File: 3abe6786c25d4d2ddf99398b1f1c2ac7ca85e773f1aac93abb8685b7f225d6c2.png Grap
hic file (type png)
<use 3abe6786c25d4d2ddf99398b1f1c2ac7ca85e773f1aac93abb8685b7f225d6c2.png>
Package pdftex.def Info: 3abe6786c25d4d2ddf99398b1f1c2ac7ca85e773f1aac93abb8685
b7f225d6c2.png  used on input line 2855.
(pdftex.def)             Requested size: 469.75865pt x 469.75865pt.
 [54] [55 <./3abe6786c25d4d2ddf99398b1f1c2ac7ca85e773f1aac93abb8685b7f225d6c2.p
ng>]
<138a7a0ae55a95d3ef99795cf786d1c026041ecf68c56ab438d7a46d961dca67.png, id=418, 
451.6875pt x 379.4175pt>
File: 138a7a0ae55a95d3ef99795cf786d1c026041ecf68c56ab438d7a46d961dca67.png Grap
hic file (type png)
<use 138a7a0ae55a95d3ef99795cf786d1c026041ecf68c56ab438d7a46d961dca67.png>
Package pdftex.def Info: 138a7a0ae55a95d3ef99795cf786d1c026041ecf68c56ab438d7a4
6d961dca67.png  used on input line 2917.
(pdftex.def)             Requested size: 451.68639pt x 379.41656pt.
 [56 <./138a7a0ae55a95d3ef99795cf786d1c026041ecf68c56ab438d7a46d961dca67.png>] 
[57] [58]
<2f9fe9a9a7fb34d89d4e8011e125658c213b2e169c7328bec4c6a52ec17c34fb.png, id=432, 
409.0482pt x 315.8199pt>
File: 2f9fe9a9a7fb34d89d4e8011e125658c213b2e169c7328bec4c6a52ec17c34fb.png Grap
hic file (type png)
<use 2f9fe9a9a7fb34d89d4e8011e125658c213b2e169c7328bec4c6a52ec17c34fb.png>
Package pdftex.def Info: 2f9fe9a9a7fb34d89d4e8011e125658c213b2e169c7328bec4c6a5
2ec17c34fb.png  used on input line 3241.
(pdftex.def)             Requested size: 409.0472pt x 315.81912pt.
 [59]
<533941d622b294dbe15352a287ea762234d34b2ece98049ff8a4f244f1afa701.png, id=437, 
418.4433pt x 315.8199pt>
File: 533941d622b294dbe15352a287ea762234d34b2ece98049ff8a4f244f1afa701.png Grap
hic file (type png)
<use 533941d622b294dbe15352a287ea762234d34b2ece98049ff8a4f244f1afa701.png>
Package pdftex.def Info: 533941d622b294dbe15352a287ea762234d34b2ece98049ff8a4f2
44f1afa701.png  used on input line 3258.
(pdftex.def)             Requested size: 418.44228pt x 315.81912pt.
 [60 <./2f9fe9a9a7fb34d89d4e8011e125658c213b2e169c7328bec4c6a52ec17c34fb.png>]
<577d7a2f9e159ce4632ec92f1331dbed379cc726ba9b66ceef32922317830dd0.png, id=443, 
415.5525pt x 317.2653pt>
File: 577d7a2f9e159ce4632ec92f1331dbed379cc726ba9b66ceef32922317830dd0.png Grap
hic file (type png)
<use 577d7a2f9e159ce4632ec92f1331dbed379cc726ba9b66ceef32922317830dd0.png>
Package pdftex.def Info: 577d7a2f9e159ce4632ec92f1331dbed379cc726ba9b66ceef3292
2317830dd0.png  used on input line 3290.
(pdftex.def)             Requested size: 415.55148pt x 317.26453pt.
 [61 <./533941d622b294dbe15352a287ea762234d34b2ece98049ff8a4f244f1afa701.png>]
Overfull \vbox (0.58643pt too high) detected at line 3345
 []

[62 <./577d7a2f9e159ce4632ec92f1331dbed379cc726ba9b66ceef32922317830dd0.png>]
File: 2f9fe9a9a7fb34d89d4e8011e125658c213b2e169c7328bec4c6a52ec17c34fb.png Grap
hic file (type png)
<use 2f9fe9a9a7fb34d89d4e8011e125658c213b2e169c7328bec4c6a52ec17c34fb.png>
Package pdftex.def Info: 2f9fe9a9a7fb34d89d4e8011e125658c213b2e169c7328bec4c6a5
2ec17c34fb.png  used on input line 3368.
(pdftex.def)             Requested size: 409.0472pt x 315.81912pt.
File: 533941d622b294dbe15352a287ea762234d34b2ece98049ff8a4f244f1afa701.png Grap
hic file (type png)
<use 533941d622b294dbe15352a287ea762234d34b2ece98049ff8a4f244f1afa701.png>
Package pdftex.def Info: 533941d622b294dbe15352a287ea762234d34b2ece98049ff8a4f2
44f1afa701.png  used on input line 3388.
(pdftex.def)             Requested size: 418.44228pt x 315.81912pt.

[63]
<a56ddf2780f32eec6cc87b4dbd58605ef6a240d1969267a974e754ab9f418c80.png, id=459, 
415.5525pt x 317.2653pt>
File: a56ddf2780f32eec6cc87b4dbd58605ef6a240d1969267a974e754ab9f418c80.png Grap
hic file (type png)
<use a56ddf2780f32eec6cc87b4dbd58605ef6a240d1969267a974e754ab9f418c80.png>
Package pdftex.def Info: a56ddf2780f32eec6cc87b4dbd58605ef6a240d1969267a974e754
ab9f418c80.png  used on input line 3423.
(pdftex.def)             Requested size: 415.55148pt x 317.26453pt.
 [64] [65 <./a56ddf2780f32eec6cc87b4dbd58605ef6a240d1969267a974e754ab9f418c80.p
ng>] [66]
Chapter 4.
[67

] [68]
Underfull \vbox (badness 1448) detected at line 3763
 []

[69] [70] [71]
Underfull \hbox (badness 10000) in paragraph at lines 3873--3875

 []


./python.tex:3880: LaTeX Error: Unicode character ≥ (U+2265)
               not set up for use with LaTeX.

See the LaTeX manual or LaTeX Companion for explanation.
Type  H <return>  for immediate help.
 ...                                              
                                                  
l.3880 ...pproximately 1,800 people who do tip ≥
                                                   20\% would be labeled as ...

? 

./python.tex:3904: LaTeX Error: Unicode character ≤ (U+2264)
               not set up for use with LaTeX.

See the LaTeX manual or LaTeX Companion for explanation.
Type  H <return>  for immediate help.
 ...                                              
                                                  
l.3904 ... in your code that identifies values ≤
                                                   3.3, this would not be in...

? 
[72]

./python.tex:3983: LaTeX Error: Unicode character ≥ (U+2265)
               not set up for use with LaTeX.

See the LaTeX manual or LaTeX Companion for explanation.
Type  H <return>  for immediate help.
 ...                                              
                                                  
l.3983 ... of whether or not a customer tipped ≥
                                                   20\% (0=no, 1=yes).
? 
[73] [74] [75] [76] [77] [78]
Overfull \vbox (2.6316pt too high) detected at line 4452
 []

[79] [80]

./python.tex:4590: LaTeX Error: Unicode character ≥ (U+2265)
               not set up for use with LaTeX.

See the LaTeX manual or LaTeX Companion for explanation.
Type  H <return>  for immediate help.
 ...                                              
                                                  
l.4590 ... dataset were “generous” (tipped ≥
                                                   20\%). The dataset is ver...

? 

./python.tex:4597: LaTeX Error: Unicode character ≥ (U+2265)
               not set up for use with LaTeX.

See the LaTeX manual or LaTeX Companion for explanation.
Type  H <return>  for immediate help.
 ...                                              
                                                  
l.4597 ... positives (the model predicts a tip ≥
                                                   20\%, but the customer do...

? 
[81] [82] [83]
Underfull \vbox (badness 10000) detected at line 4984
 []


Underfull \vbox (badness 10000) detected at line 4984
 []

[84]
Underfull \vbox (badness 10000) detected at line 4984
 []


Underfull \vbox (badness 10000) detected at line 4984
 []

[85]
Underfull \vbox (badness 10000) detected at line 4984
 []


Underfull \vbox (badness 10000) detected at line 4984
 []

[86]
Underfull \vbox (badness 10000) detected at line 4984
 []


Underfull \vbox (badness 10000) detected at line 4984
 []

[87] [88] [89] [90] [91] [92]
<ded3e1ed7b728f6292bd304ba6ffe8c09248c7b991bcaa5dcc30420c543aaef4.png, id=610, 
372.9132pt x 312.2064pt>
File: ded3e1ed7b728f6292bd304ba6ffe8c09248c7b991bcaa5dcc30420c543aaef4.png Grap
hic file (type png)
<use ded3e1ed7b728f6292bd304ba6ffe8c09248c7b991bcaa5dcc30420c543aaef4.png>
Package pdftex.def Info: ded3e1ed7b728f6292bd304ba6ffe8c09248c7b991bcaa5dcc3042
0c543aaef4.png  used on input line 5469.
(pdftex.def)             Requested size: 372.91228pt x 312.20564pt.
<2fb50d6ff348b8fbeadc90ad2343ffff8cc72d0988338b2b0bb5e18a8d18f7b3.png, id=611, 
570.933pt x 354.123pt>
File: 2fb50d6ff348b8fbeadc90ad2343ffff8cc72d0988338b2b0bb5e18a8d18f7b3.png Grap
hic file (type png)
<use 2fb50d6ff348b8fbeadc90ad2343ffff8cc72d0988338b2b0bb5e18a8d18f7b3.png>
Package pdftex.def Info: 2fb50d6ff348b8fbeadc90ad2343ffff8cc72d0988338b2b0bb5e1
8a8d18f7b3.png  used on input line 5492.
(pdftex.def)             Requested size: 469.77104pt x 291.38777pt.

No file python.ind.
[93 <./ded3e1ed7b728f6292bd304ba6ffe8c09248c7b991bcaa5dcc30420c543aaef4.png>]
[94 <./2fb50d6ff348b8fbeadc90ad2343ffff8cc72d0988338b2b0bb5e18a8d18f7b3.png>]
(./python.aux)
 ***********
LaTeX2e <2023-11-01> patch level 1
L3 programming layer <2024-02-20>
 ***********


LaTeX Warning: Label(s) may have changed. Rerun to get cross-references right.

Package rerunfilecheck Info: File `python.out' has not changed.
(rerunfilecheck)             Checksum: 63974A65858EA161EE59151B9A25D9E2;3359.
 ) 
Here is how much of TeX's memory you used:
 16775 strings out of 474116
 290914 string characters out of 5743683
 2720187 words of memory out of 5000000
 38598 multiletter control sequences out of 15000+600000
 618329 words of font info for 84 fonts, out of 8000000 for 9000
 1142 hyphenation exceptions out of 8191
 72i,15n,79p,824b,690s stack positions out of 10000i,1000n,20000p,200000b,200000s
</usr/local/texlive/2024/texmf-dist/fonts/type1/public/amsfonts/cm/cmmi10.pfb
></usr/local/texlive/2024/texmf-dist/fonts/type1/public/amsfonts/cm/cmmi5.pfb><
/usr/local/texlive/2024/texmf-dist/fonts/type1/public/amsfonts/cm/cmmi7.pfb></u
sr/local/texlive/2024/texmf-dist/fonts/type1/public/amsfonts/cm/cmr10.pfb></usr
/local/texlive/2024/texmf-dist/fonts/type1/public/amsfonts/cm/cmr7.pfb></usr/lo
cal/texlive/2024/texmf-dist/fonts/type1/public/amsfonts/cm/cmsy10.pfb></usr/loc
al/texlive/2024/texmf-dist/fonts/type1/public/amsfonts/cm/cmsy5.pfb></usr/local
/texlive/2024/texmf-dist/fonts/type1/public/tex-gyre/qhvb.pfb></usr/local/texli
ve/2024/texmf-dist/fonts/type1/public/tex-gyre/qhvr.pfb></usr/local/texlive/202
4/texmf-dist/fonts/type1/public/tex-gyre/qtmb.pfb></usr/local/texlive/2024/texm
f-dist/fonts/type1/public/tex-gyre/qtmbi.pfb></usr/local/texlive/2024/texmf-dis
t/fonts/type1/public/tex-gyre/qtmr.pfb></usr/local/texlive/2024/texmf-dist/font
s/type1/public/tex-gyre/qtmri.pfb></usr/local/texlive/2024/texmf-dist/fonts/typ
e1/public/txfonts/t1xbtt.pfb></usr/local/texlive/2024/texmf-dist/fonts/type1/pu
blic/txfonts/t1xtt.pfb></usr/local/texlive/2024/texmf-dist/fonts/type1/public/t
xfonts/t1xtt.pfb></usr/local/texlive/2024/texmf-dist/fonts/type1/public/txfonts
/tcxtt.pfb></usr/local/texlive/2024/texmf-dist/fonts/type1/urw/times/utmr8a.pfb
>
Output written on python.pdf (94 pages, 1064863 bytes).
PDF statistics:
 725 PDF objects out of 1000 (max. 8388607)
 537 compressed objects within 6 object streams
 148 named destinations out of 1000 (max. 500000)
 363 words of extra memory for PDF output out of 10000 (max. 10000000)

